<?xml version="1.0" encoding="UTF-8"?>
<testng-results skipped="0" failed="1" total="1" passed="0">
  <reporter-output>
  </reporter-output>
  <suite name="Default suite" duration-ms="35449" started-at="2018-06-23T15:12:16Z" finished-at="2018-06-23T15:12:51Z">
    <groups>
    </groups>
    <test name="Default test" duration-ms="35449" started-at="2018-06-23T15:12:16Z" finished-at="2018-06-23T15:12:51Z">
      <class name="testCasesPackage.Test1">
        <test-method status="PASS" signature="beforeTest()[pri:0, instance:testCasesPackage.Test1@5b275dab]" name="beforeTest" is-config="true" duration-ms="4725" started-at="2018-06-23T15:12:16Z" finished-at="2018-06-23T15:12:21Z">
        </test-method> <!-- beforeTest -->
        <test-method status="FAIL" signature="f()[pri:0, instance:testCasesPackage.Test1@5b275dab]" name="f" duration-ms="30108" started-at="2018-06-23T15:12:21Z" finished-at="2018-06-23T15:12:51Z">
          <exception class="java.lang.AssertionError">
            <message>
              <![CDATA[Text should match expected:<Welcome To Manager's Page of Guru99 Banking page> but was:<Welcome To Manager's Page of Guru99 Bank>]]>
            </message>
            <full-stacktrace>
              <![CDATA[java.lang.AssertionError: Text should match expected:<Welcome To Manager's Page of Guru99 Banking page> but was:<Welcome To Manager's Page of Guru99 Bank>
	at org.testng.Assert.fail(Assert.java:89)
	at org.testng.Assert.failNotEquals(Assert.java:489)
	at org.testng.Assert.assertEquals(Assert.java:118)
	at org.testng.Assert.assertEquals(Assert.java:171)
	at pagesPackage.GuruLoginPage.VerifyLoginSuccess(GuruLoginPage.java:39)
	at testCasesPackage.Test1.f(Test1.java:41)
	at sun.reflect.NativeMethodAccessorImpl.invoke0(Native Method)
	at sun.reflect.NativeMethodAccessorImpl.invoke(Unknown Source)
	at sun.reflect.DelegatingMethodAccessorImpl.invoke(Unknown Source)
	at java.lang.reflect.Method.invoke(Unknown Source)
	at org.testng.internal.MethodInvocationHelper.invokeMethod(MethodInvocationHelper.java:80)
	at org.testng.internal.Invoker.invokeMethod(Invoker.java:702)
	at org.testng.internal.Invoker.invokeTestMethod(Invoker.java:894)
	at org.testng.internal.Invoker.invokeTestMethods(Invoker.java:1219)
	at org.testng.internal.TestMethodWorker.invokeTestMethods(TestMethodWorker.java:127)
	at org.testng.internal.TestMethodWorker.run(TestMethodWorker.java:111)
	at org.testng.TestRunner.privateRun(TestRunner.java:768)
	at org.testng.TestRunner.run(TestRunner.java:617)
	at org.testng.SuiteRunner.runTest(SuiteRunner.java:334)
	at org.testng.SuiteRunner.runSequentially(SuiteRunner.java:329)
	at org.testng.SuiteRunner.privateRun(SuiteRunner.java:291)
	at org.testng.SuiteRunner.run(SuiteRunner.java:240)
	at org.testng.SuiteRunnerWorker.runSuite(SuiteRunnerWorker.java:53)
	at org.testng.SuiteRunnerWorker.run(SuiteRunnerWorker.java:87)
	at org.testng.TestNG.runSuitesSequentially(TestNG.java:1188)
	at org.testng.TestNG.runSuitesLocally(TestNG.java:1113)
	at org.testng.TestNG.run(TestNG.java:1025)
	at org.testng.remote.AbstractRemoteTestNG.run(AbstractRemoteTestNG.java:114)
	at org.testng.remote.RemoteTestNG.initAndRun(RemoteTestNG.java:251)
	at org.testng.remote.RemoteTestNG.main(RemoteTestNG.java:77)
]]>
            </full-stacktrace>
          </exception> <!-- java.lang.AssertionError -->
        </test-method> <!-- f -->
        <test-method status="PASS" signature="afterTest(org.testng.ITestResult)[pri:0, instance:testCasesPackage.Test1@5b275dab]" name="afterTest" is-config="true" duration-ms="601" started-at="2018-06-23T15:12:51Z" finished-at="2018-06-23T15:12:51Z">
          <params>
            <param index="0">
              <value>
                <![CDATA[[TestResult: f STATUS:FAILURE METHOD:Test1.f()[pri:0, instance:testCasesPackage.Test1@5b275dab]]
]]>
              </value>
            </param>
          </params>
        </test-method> <!-- afterTest -->
        <test-method status="PASS" signature="afterTest()[pri:0, instance:testCasesPackage.Test1@5b275dab]" name="afterTest" is-config="true" duration-ms="0" started-at="2018-06-23T15:12:51Z" finished-at="2018-06-23T15:12:51Z">
        </test-method> <!-- afterTest -->
      </class> <!-- testCasesPackage.Test1 -->
    </test> <!-- Default test -->
  </suite> <!-- Default suite -->
</testng-results>
